#
# There is insufficient memory for the Java Runtime Environment to continue.
# Native memory allocation (mmap) failed to map 44040192 bytes for committing reserved memory.
# Possible reasons:
#   The system is out of physical RAM or swap space
#   The process is running with CompressedOops enabled, and the Java Heap may be blocking the growth of the native heap
# Possible solutions:
#   Reduce memory load on the system
#   Increase physical memory or swap space
#   Check if swap backing store is full
#   Decrease Java heap size (-Xmx/-Xms)
#   Decrease number of Java threads
#   Decrease Java thread stack sizes (-Xss)
#   Set larger code cache with -XX:ReservedCodeCacheSize=
#   JVM is running with Unscaled Compressed Oops mode in which the Java heap is
#     placed in the first 4GB address space. The Java Heap base address is the
#     maximum limit for the native heap growth. Please use -XX:HeapBaseMinAddress
#     to set the Java Heap base and to place the Java Heap above 4GB virtual address.
# This output file may be truncated or incomplete.
#
#  Out of Memory Error (os_linux.cpp:2749), pid=13300, tid=0x00007fe1101a2700
#
# JRE version: Java(TM) SE Runtime Environment (8.0_211-b12) (build 1.8.0_211-b12)
# Java VM: Java HotSpot(TM) 64-Bit Server VM (25.211-b12 mixed mode linux-amd64 compressed oops)
# Failed to write core dump. Core dumps have been disabled. To enable core dumping, try "ulimit -c unlimited" before starting Java again
#

---------------  T H R E A D  ---------------

Current thread (0x00007fe10c07f800):  VMThread [stack: 0x00007fe1100a3000,0x00007fe1101a3000] [id=13311]

Stack: [0x00007fe1100a3000,0x00007fe1101a3000],  sp=0x00007fe1101a13f0,  free space=1016k
Native frames: (J=compiled Java code, j=interpreted, Vv=VM code, C=native code)
V  [libjvm.so+0xad3455]  VMError::report_and_die()+0x2e5
V  [libjvm.so+0x4e0537]  report_vm_out_of_memory(char const*, int, unsigned long, VMErrorType, char const*)+0x67
V  [libjvm.so+0x910320]  os::pd_commit_memory(char*, unsigned long, unsigned long, bool)+0x100
V  [libjvm.so+0x90794f]  os::commit_memory(char*, unsigned long, unsigned long, bool)+0x1f
V  [libjvm.so+0x98c736]  PSVirtualSpace::expand_by(unsigned long)+0x56
V  [libjvm.so+0x98d9c8]  PSYoungGen::resize(unsigned long, unsigned long)+0xd8
V  [libjvm.so+0x98a166]  PSScavenge::invoke_no_policy()+0x1376
V  [libjvm.so+0x98a4fc]  PSScavenge::invoke()+0x4c
V  [libjvm.so+0x93a248]  ParallelScavengeHeap::failed_mem_allocate(unsigned long)+0x68
V  [libjvm.so+0xad4fa3]  VM_ParallelGCFailedAllocation::doit()+0x93
V  [libjvm.so+0xada1c6]  VM_Operation::evaluate()+0x46
V  [libjvm.so+0xad84fd]  VMThread::evaluate_operation(VM_Operation*) [clone .constprop.44]+0xcd
V  [libjvm.so+0xad8ae3]  VMThread::loop()+0x3a3
V  [libjvm.so+0xad8eb8]  VMThread::run()+0x78
V  [libjvm.so+0x90d952]  java_start(Thread*)+0x102

VM_Operation (0x00007fe1154ea720): ParallelGCFailedAllocation, mode: safepoint, requested by thread 0x00007fe10c013000


---------------  P R O C E S S  ---------------

Java Threads: ( => current thread )
  0x00007fe10c588000 JavaThread "RMI TCP Accept-0" daemon [_thread_in_native, id=13321, stack(0x00007fe0f521a000,0x00007fe0f531b000)]
  0x00007fe10c57a000 JavaThread "RMI TCP Accept-35407" daemon [_thread_in_native, id=13320, stack(0x00007fe0f531b000,0x00007fe0f541c000)]
  0x00007fe10c565000 JavaThread "RMI TCP Accept-0" daemon [_thread_in_native, id=13319, stack(0x00007fe0f541c000,0x00007fe0f551d000)]
  0x00007fe10c0e3000 JavaThread "Service Thread" daemon [_thread_blocked, id=13318, stack(0x00007fe0f5fee000,0x00007fe0f60ef000)]
  0x00007fe10c0c6000 JavaThread "C1 CompilerThread2" daemon [_thread_blocked, id=13317, stack(0x00007fe0f60f0000,0x00007fe0f61f0000)]
  0x00007fe10c0c4000 JavaThread "C2 CompilerThread1" daemon [_thread_blocked, id=13316, stack(0x00007fe0fc0da000,0x00007fe0fc1da000)]
  0x00007fe10c0c1000 JavaThread "C2 CompilerThread0" daemon [_thread_blocked, id=13315, stack(0x00007fe0fc1db000,0x00007fe0fc2db000)]
  0x00007fe10c0bf800 JavaThread "Signal Dispatcher" daemon [_thread_blocked, id=13314, stack(0x00007fe0fc2db000,0x00007fe0fc3dc000)]
  0x00007fe10c08c000 JavaThread "Finalizer" daemon [_thread_blocked, id=13313, stack(0x00007fe0fcdfe000,0x00007fe0fceff000)]
  0x00007fe10c089000 JavaThread "Reference Handler" daemon [_thread_blocked, id=13312, stack(0x00007fe0fceff000,0x00007fe0fd000000)]
  0x00007fe10c013000 JavaThread "main" [_thread_blocked, id=13306, stack(0x00007fe1153ee000,0x00007fe1154ee000)]

Other Threads:
=>0x00007fe10c07f800 VMThread [stack: 0x00007fe1100a3000,0x00007fe1101a3000] [id=13311]
  0x00007fe10c58d000 WatcherThread [stack: 0x00007fe0f511a000,0x00007fe0f521a000] [id=13322]

VM state:at safepoint (normal execution)

VM Mutex/Monitor currently owned by a thread:  ([mutex/lock_event])
[0x00007fe10c00c4c0] Threads_lock - owner thread: 0x00007fe10c07f800
[0x00007fe10c00c9c0] Heap_lock - owner thread: 0x00007fe10c013000

heap address: 0x00000000c3e00000, size: 962 MB, Compressed Oops mode: 32-bit
Narrow klass base: 0x0000000000000000, Narrow klass shift: 3
Compressed class space size: 1073741824 Address: 0x0000000100000000

Heap:
 PSYoungGen      total 70656K, used 4001K [0x00000000ebf80000, 0x00000000f0b80000, 0x0000000100000000)
  eden space 63488K, 0% used [0x00000000ebf80000,0x00000000ebf80000,0x00000000efd80000)
  from space 7168K, 55% used [0x00000000efd80000,0x00000000f0168420,0x00000000f0480000)
  to   space 7168K, 0% used [0x00000000f0480000,0x00000000f0480000,0x00000000f0b80000)
 ParOldGen       total 34304K, used 8739K [0x00000000c3e00000, 0x00000000c5f80000, 0x00000000ebf80000)
  object space 34304K, 25% used [0x00000000c3e00000,0x00000000c4688f40,0x00000000c5f80000)
 Metaspace       used 21771K, capacity 22432K, committed 22656K, reserved 1069056K
  class space    used 2896K, capacity 3079K, committed 3200K, reserved 1048576K

Card table byte_map: [0x00007fe1122da000,0x00007fe1124bc000] byte_map_base: 0x00007fe111cbb000

Marking Bits: (ParMarkBitMap*) 0x00007fe11489bd80
 Begin Bits: [0x00007fe0f61f0000, 0x00007fe0f70f8000)
 End Bits:   [0x00007fe0f70f8000, 0x00007fe0f8000000)

Polling page: 0x00007fe115509000

CodeCache: size=245760Kb used=4291Kb max_used=4291Kb free=241468Kb
 bounds [0x00007fe0fd000000, 0x00007fe0fd440000, 0x00007fe10c000000]
 total_blobs=2235 nmethods=1840 adapters=308
 compilation: enabled

Compilation events (10 events):
Event: 2.578 Thread 0x00007fe10c0c6000 1836   !   1       org.springframework.beans.BeanUtils::instantiateClass (95 bytes)
Event: 2.579 Thread 0x00007fe10c0c6000 nmethod 1836 0x00007fe0fd42e650 code [0x00007fe0fd42e840, 0x00007fe0fd42ecb8]
Event: 2.579 Thread 0x00007fe10c0c6000 1837   !   1       sun.net.www.protocol.jar.JarURLConnection::connect (163 bytes)
Event: 2.582 Thread 0x00007fe10c0c6000 nmethod 1837 0x00007fe0fd42f090 code [0x00007fe0fd42f2e0, 0x00007fe0fd42f988]
Event: 2.582 Thread 0x00007fe10c0c6000 1839   !   1       sun.net.www.protocol.jar.JarFileFactory::getConnection (40 bytes)
Event: 2.584 Thread 0x00007fe10c0c6000 nmethod 1839 0x00007fe0fd42fdd0 code [0x00007fe0fd42ff60, 0x00007fe0fd430348]
Event: 2.584 Thread 0x00007fe10c0c6000 1838       1       org.springframework.context.annotation.ConfigurationClass::hashCode (13 bytes)
Event: 2.584 Thread 0x00007fe10c0c6000 nmethod 1838 0x00007fe0fd430650 code [0x00007fe0fd4307c0, 0x00007fe0fd430918]
Event: 2.584 Thread 0x00007fe10c0c6000 1840       1       org.springframework.core.type.filter.AssignableTypeFilter::<init> (12 bytes)
Event: 2.585 Thread 0x00007fe10c0c6000 nmethod 1840 0x00007fe0fd4309d0 code [0x00007fe0fd430b40, 0x00007fe0fd430d18]

GC Heap History (10 events):
Event: 1.307 GC heap after
Heap after GC invocations=3 (full 0):
 PSYoungGen      total 18432K, used 2560K [0x00000000ebf80000, 0x00000000ee380000, 0x0000000100000000)
  eden space 15872K, 0% used [0x00000000ebf80000,0x00000000ebf80000,0x00000000ecf00000)
  from space 2560K, 100% used [0x00000000ecf00000,0x00000000ed180000,0x00000000ed180000)
  to   space 2560K, 0% used [0x00000000ee100000,0x00000000ee100000,0x00000000ee380000)
 ParOldGen       total 42496K, used 4411K [0x00000000c3e00000, 0x00000000c6780000, 0x00000000ebf80000)
  object space 42496K, 10% used [0x00000000c3e00000,0x00000000c424eed0,0x00000000c6780000)
 Metaspace       used 14010K, capacity 14396K, committed 14592K, reserved 1062912K
  class space    used 1856K, capacity 1975K, committed 2048K, reserved 1048576K
}
Event: 1.399 GC heap before
{Heap before GC invocations=4 (full 0):
 PSYoungGen      total 18432K, used 18432K [0x00000000ebf80000, 0x00000000ee380000, 0x0000000100000000)
  eden space 15872K, 100% used [0x00000000ebf80000,0x00000000ecf00000,0x00000000ecf00000)
  from space 2560K, 100% used [0x00000000ecf00000,0x00000000ed180000,0x00000000ed180000)
  to   space 2560K, 0% used [0x00000000ee100000,0x00000000ee100000,0x00000000ee380000)
 ParOldGen       total 42496K, used 4411K [0x00000000c3e00000, 0x00000000c6780000, 0x00000000ebf80000)
  object space 42496K, 10% used [0x00000000c3e00000,0x00000000c424eed0,0x00000000c6780000)
 Metaspace       used 15541K, capacity 15924K, committed 16128K, reserved 1062912K
  class space    used 2094K, capacity 2207K, committed 2304K, reserved 1048576K
Event: 1.416 GC heap after
Heap after GC invocations=4 (full 0):
 PSYoungGen      total 34304K, used 2558K [0x00000000ebf80000, 0x00000000ee380000, 0x0000000100000000)
  eden space 31744K, 0% used [0x00000000ebf80000,0x00000000ebf80000,0x00000000ede80000)
  from space 2560K, 99% used [0x00000000ee100000,0x00000000ee37fbd8,0x00000000ee380000)
  to   space 2560K, 0% used [0x00000000ede80000,0x00000000ede80000,0x00000000ee100000)
 ParOldGen       total 42496K, used 6439K [0x00000000c3e00000, 0x00000000c6780000, 0x00000000ebf80000)
  object space 42496K, 15% used [0x00000000c3e00000,0x00000000c4449cf0,0x00000000c6780000)
 Metaspace       used 15541K, capacity 15924K, committed 16128K, reserved 1062912K
  class space    used 2094K, capacity 2207K, committed 2304K, reserved 1048576K
}
Event: 1.811 GC heap before
{Heap before GC invocations=5 (full 0):
 PSYoungGen      total 34304K, used 34302K [0x00000000ebf80000, 0x00000000ee380000, 0x0000000100000000)
  eden space 31744K, 100% used [0x00000000ebf80000,0x00000000ede80000,0x00000000ede80000)
  from space 2560K, 99% used [0x00000000ee100000,0x00000000ee37fbd8,0x00000000ee380000)
  to   space 2560K, 0% used [0x00000000ede80000,0x00000000ede80000,0x00000000ee100000)
 ParOldGen       total 42496K, used 6439K [0x00000000c3e00000, 0x00000000c6780000, 0x00000000ebf80000)
  object space 42496K, 15% used [0x00000000c3e00000,0x00000000c4449cf0,0x00000000c6780000)
 Metaspace       used 20212K, capacity 20758K, committed 21120K, reserved 1067008K
  class space    used 2682K, capacity 2832K, committed 2944K, reserved 1048576K
Event: 1.830 GC heap after
Heap after GC invocations=5 (full 0):
 PSYoungGen      total 34304K, used 2544K [0x00000000ebf80000, 0x00000000f0b80000, 0x0000000100000000)
  eden space 31744K, 0% used [0x00000000ebf80000,0x00000000ebf80000,0x00000000ede80000)
  from space 2560K, 99% used [0x00000000ede80000,0x00000000ee0fc010,0x00000000ee100000)
  to   space 7168K, 0% used [0x00000000f0480000,0x00000000f0480000,0x00000000f0b80000)
 ParOldGen       total 42496K, used 11182K [0x00000000c3e00000, 0x00000000c6780000, 0x00000000ebf80000)
  object space 42496K, 26% used [0x00000000c3e00000,0x00000000c48eb8f8,0x00000000c6780000)
 Metaspace       used 20212K, capacity 20758K, committed 21120K, reserved 1067008K
  class space    used 2682K, capacity 2832K, committed 2944K, reserved 1048576K
}
Event: 1.861 GC heap before
{Heap before GC invocations=6 (full 0):
 PSYoungGen      total 34304K, used 6396K [0x00000000ebf80000, 0x00000000f0b80000, 0x0000000100000000)
  eden space 31744K, 12% used [0x00000000ebf80000,0x00000000ec343220,0x00000000ede80000)
  from space 2560K, 99% used [0x00000000ede80000,0x00000000ee0fc010,0x00000000ee100000)
  to   space 7168K, 0% used [0x00000000f0480000,0x00000000f0480000,0x00000000f0b80000)
 ParOldGen       total 42496K, used 11182K [0x00000000c3e00000, 0x00000000c6780000, 0x00000000ebf80000)
  object space 42496K, 26% used [0x00000000c3e00000,0x00000000c48eb8f8,0x00000000c6780000)
 Metaspace       used 20695K, capacity 21238K, committed 21296K, reserved 1067008K
  class space    used 2748K, capacity 2928K, committed 2944K, reserved 1048576K
Event: 1.869 GC heap after
Heap after GC invocations=6 (full 0):
 PSYoungGen      total 70656K, used 2817K [0x00000000ebf80000, 0x00000000f0b80000, 0x0000000100000000)
  eden space 63488K, 0% used [0x00000000ebf80000,0x00000000ebf80000,0x00000000efd80000)
  from space 7168K, 39% used [0x00000000f0480000,0x00000000f07404a0,0x00000000f0b80000)
  to   space 7168K, 0% used [0x00000000efd80000,0x00000000efd80000,0x00000000f0480000)
 ParOldGen       total 42496K, used 11190K [0x00000000c3e00000, 0x00000000c6780000, 0x00000000ebf80000)
  object space 42496K, 26% used [0x00000000c3e00000,0x00000000c48ed8f8,0x00000000c6780000)
 Metaspace       used 20695K, capacity 21238K, committed 21296K, reserved 1067008K
  class space    used 2748K, capacity 2928K, committed 2944K, reserved 1048576K
}
Event: 1.869 GC heap before
{Heap before GC invocations=7 (full 1):
 PSYoungGen      total 70656K, used 2817K [0x00000000ebf80000, 0x00000000f0b80000, 0x0000000100000000)
  eden space 63488K, 0% used [0x00000000ebf80000,0x00000000ebf80000,0x00000000efd80000)
  from space 7168K, 39% used [0x00000000f0480000,0x00000000f07404a0,0x00000000f0b80000)
  to   space 7168K, 0% used [0x00000000efd80000,0x00000000efd80000,0x00000000f0480000)
 ParOldGen       total 42496K, used 11190K [0x00000000c3e00000, 0x00000000c6780000, 0x00000000ebf80000)
  object space 42496K, 26% used [0x00000000c3e00000,0x00000000c48ed8f8,0x00000000c6780000)
 Metaspace       used 20695K, capacity 21238K, committed 21296K, reserved 1067008K
  class space    used 2748K, capacity 2928K, committed 2944K, reserved 1048576K
Event: 1.941 GC heap after
Heap after GC invocations=7 (full 1):
 PSYoungGen      total 70656K, used 0K [0x00000000ebf80000, 0x00000000f0b80000, 0x0000000100000000)
  eden space 63488K, 0% used [0x00000000ebf80000,0x00000000ebf80000,0x00000000efd80000)
  from space 7168K, 0% used [0x00000000f0480000,0x00000000f0480000,0x00000000f0b80000)
  to   space 7168K, 0% used [0x00000000efd80000,0x00000000efd80000,0x00000000f0480000)
 ParOldGen       total 34304K, used 8667K [0x00000000c3e00000, 0x00000000c5f80000, 0x00000000ebf80000)
  object space 34304K, 25% used [0x00000000c3e00000,0x00000000c4676f30,0x00000000c5f80000)
 Metaspace       used 20693K, capacity 21232K, committed 21296K, reserved 1067008K
  class space    used 2747K, capacity 2927K, committed 2944K, reserved 1048576K
}
Event: 2.601 GC heap before
{Heap before GC invocations=8 (full 1):
 PSYoungGen      total 70656K, used 63488K [0x00000000ebf80000, 0x00000000f0b80000, 0x0000000100000000)
  eden space 63488K, 100% used [0x00000000ebf80000,0x00000000efd80000,0x00000000efd80000)
  from space 7168K, 0% used [0x00000000f0480000,0x00000000f0480000,0x00000000f0b80000)
  to   space 7168K, 0% used [0x00000000efd80000,0x00000000efd80000,0x00000000f0480000)
 ParOldGen       total 34304K, used 8667K [0x00000000c3e00000, 0x00000000c5f80000, 0x00000000ebf80000)
  object space 34304K, 25% used [0x00000000c3e00000,0x00000000c4676f30,0x00000000c5f80000)
 Metaspace       used 21771K, capacity 22432K, committed 22656K, reserved 1069056K
  class space    used 2896K, capacity 3079K, committed 3200K, reserved 1048576K

Deoptimization events (0 events):
No events

Classes redefined (0 events):
No events

Internal exceptions (10 events):
Event: 1.597 Thread 0x00007fe10c013000 Exception <a 'java/lang/ClassNotFoundException': org/springframework/beans/factory/AwareCustomizer> (0x00000000ecedd9e8) thrown at [/HUDSON/workspace/8-2-build-linux-amd64/jdk8u211/12973/hotspot/src/share/vm/classfile/systemDictionary.cpp, line 210]
Event: 1.598 Thread 0x00007fe10c013000 Exception <a 'java/lang/ClassNotFoundException': org/springframework/beans/factory/BeanClassLoaderAwareCustomizer> (0x00000000ecf469f0) thrown at [/HUDSON/workspace/8-2-build-linux-amd64/jdk8u211/12973/hotspot/src/share/vm/classfile/systemDictionary.cpp, 
Event: 1.599 Thread 0x00007fe10c013000 Exception <a 'java/lang/ClassNotFoundException': org/springframework/beans/factory/AwareCustomizer> (0x00000000ecf5a4f8) thrown at [/HUDSON/workspace/8-2-build-linux-amd64/jdk8u211/12973/hotspot/src/share/vm/classfile/systemDictionary.cpp, line 210]
Event: 1.599 Thread 0x00007fe10c013000 Exception <a 'java/lang/ClassNotFoundException': org/springframework/context/EnvironmentAwareCustomizer> (0x00000000ecf6e298) thrown at [/HUDSON/workspace/8-2-build-linux-amd64/jdk8u211/12973/hotspot/src/share/vm/classfile/systemDictionary.cpp, line 210]
Event: 1.600 Thread 0x00007fe10c013000 Exception <a 'java/lang/ClassNotFoundException': org/springframework/beans/factory/AwareCustomizer> (0x00000000ecf81c80) thrown at [/HUDSON/workspace/8-2-build-linux-amd64/jdk8u211/12973/hotspot/src/share/vm/classfile/systemDictionary.cpp, line 210]
Event: 1.635 Thread 0x00007fe10c013000 Exception <a 'java/lang/NoSuchMethodError': java.lang.Object.lambda$comparing$77a9974f$1(Ljava/util/function/Function;Ljava/lang/Object;Ljava/lang/Object;)I> (0x00000000ed367950) thrown at [/HUDSON/workspace/8-2-build-linux-amd64/jdk8u211/12973/hotspot/sr
Event: 1.717 Thread 0x00007fe10c6f0800 Exception <a 'java/lang/IncompatibleClassChangeError': Found class java.lang.Object, but interface was expected> (0x00000000ed919f48) thrown at [/HUDSON/workspace/8-2-build-linux-amd64/jdk8u211/12973/hotspot/src/share/vm/interpreter/linkResolver.cpp, line
Event: 1.998 Thread 0x00007fe10c013000 Exception <a 'java/lang/IncompatibleClassChangeError': Found class java.lang.Object, but interface was expected> (0x00000000ec376a18) thrown at [/HUDSON/workspace/8-2-build-linux-amd64/jdk8u211/12973/hotspot/src/share/vm/interpreter/linkResolver.cpp, line
Event: 2.223 Thread 0x00007fe10c013000 Exception <a 'java/security/PrivilegedActionException'> (0x00000000ecf84d38) thrown at [/HUDSON/workspace/8-2-build-linux-amd64/jdk8u211/12973/hotspot/src/share/vm/prims/jvm.cpp, line 1502]
Event: 2.223 Thread 0x00007fe10c013000 Exception <a 'java/security/PrivilegedActionException'> (0x00000000ecf85130) thrown at [/HUDSON/workspace/8-2-build-linux-amd64/jdk8u211/12973/hotspot/src/share/vm/prims/jvm.cpp, line 1502]

Events (10 events):
Event: 2.532 loading class org/springframework/data/web/config/SpringDataJacksonModules done
Event: 2.537 loading class org/springframework/data/querydsl/QuerydslUtils
Event: 2.537 loading class org/springframework/data/querydsl/QuerydslUtils done
Event: 2.539 loading class com/querydsl/core/types/Predicate
Event: 2.539 loading class com/querydsl/core/types/Predicate done
Event: 2.539 loading class com/querydsl/core/types$Predicate
Event: 2.539 loading class com/querydsl/core/types$Predicate done
Event: 2.580 loading class org/apache/kafka/streams/StreamsBuilder
Event: 2.580 loading class org/apache/kafka/streams/StreamsBuilder done
Event: 2.597 Executing VM operation: ParallelGCFailedAllocation


Dynamic libraries:
00400000-00401000 r-xp 00000000 08:01 4329812                            /home/local/group/naztech/app/Java/jdk/8.0.211/bin/java
00600000-00601000 r--p 00000000 08:01 4329812                            /home/local/group/naztech/app/Java/jdk/8.0.211/bin/java
00601000-00602000 rw-p 00001000 08:01 4329812                            /home/local/group/naztech/app/Java/jdk/8.0.211/bin/java
0171c000-0173d000 rw-p 00000000 00:00 0                                  [heap]
c3e00000-c5f80000 rw-p 00000000 00:00 0 
c5f80000-ebf80000 ---p 00000000 00:00 0 
ebf80000-f0b80000 rw-p 00000000 00:00 0 
f3580000-100000000 ---p 00000000 00:00 0 
100000000-100320000 rw-p 00000000 00:00 0 
100320000-140000000 ---p 00000000 00:00 0 
7fe0a8000000-7fe0a8441000 rw-p 00000000 00:00 0 
7fe0a8441000-7fe0ac000000 ---p 00000000 00:00 0 
7fe0b0000000-7fe0b0021000 rw-p 00000000 00:00 0 
7fe0b0021000-7fe0b4000000 ---p 00000000 00:00 0 
7fe0b4000000-7fe0b4325000 rw-p 00000000 00:00 0 
7fe0b4325000-7fe0b8000000 ---p 00000000 00:00 0 
7fe0b8000000-7fe0b8021000 rw-p 00000000 00:00 0 
7fe0b8021000-7fe0bc000000 ---p 00000000 00:00 0 
7fe0bc000000-7fe0bc021000 rw-p 00000000 00:00 0 
7fe0bc021000-7fe0c0000000 ---p 00000000 00:00 0 
7fe0c0000000-7fe0c0021000 rw-p 00000000 00:00 0 
7fe0c0021000-7fe0c4000000 ---p 00000000 00:00 0 
7fe0c4000000-7fe0c4021000 rw-p 00000000 00:00 0 
7fe0c4021000-7fe0c8000000 ---p 00000000 00:00 0 
7fe0c8000000-7fe0c8021000 rw-p 00000000 00:00 0 
7fe0c8021000-7fe0cc000000 ---p 00000000 00:00 0 
7fe0cc000000-7fe0cc5c9000 rw-p 00000000 00:00 0 
7fe0cc5c9000-7fe0d0000000 ---p 00000000 00:00 0 
7fe0d0000000-7fe0d0021000 rw-p 00000000 00:00 0 
7fe0d0021000-7fe0d4000000 ---p 00000000 00:00 0 
7fe0d4000000-7fe0d404e000 rw-p 00000000 00:00 0 
7fe0d404e000-7fe0d8000000 ---p 00000000 00:00 0 
7fe0d8000000-7fe0d8021000 rw-p 00000000 00:00 0 
7fe0d8021000-7fe0dc000000 ---p 00000000 00:00 0 
7fe0dc000000-7fe0dc021000 rw-p 00000000 00:00 0 
7fe0dc021000-7fe0e0000000 ---p 00000000 00:00 0 
7fe0e0000000-7fe0e0021000 rw-p 00000000 00:00 0 
7fe0e0021000-7fe0e4000000 ---p 00000000 00:00 0 
7fe0e4000000-7fe0e429b000 rw-p 00000000 00:00 0 
7fe0e429b000-7fe0e8000000 ---p 00000000 00:00 0 
7fe0e8000000-7fe0e8021000 rw-p 00000000 00:00 0 
7fe0e8021000-7fe0ec000000 ---p 00000000 00:00 0 
7fe0ecfff000-7fe0f0000000 rw-p 00000000 00:00 0 
7fe0f0000000-7fe0f0021000 rw-p 00000000 00:00 0 
7fe0f0021000-7fe0f4000000 ---p 00000000 00:00 0 
7fe0f4282000-7fe0f4382000 rw-p 00000000 00:00 0 
7fe0f4382000-7fe0f4485000 ---p 00000000 00:00 0 
7fe0f4485000-7fe0f4783000 rw-p 00000000 00:00 0 
7fe0f4783000-7fe0f4983000 rw-p 00000000 00:00 0 
7fe0f4983000-7fe0f4b83000 rw-p 00000000 00:00 0 
7fe0f4b83000-7fe0f4c18000 r--s 01112000 08:01 4330073                    /home/local/group/naztech/app/Java/jdk/8.0.211/jre/lib/ext/jfxrt.jar
7fe0f4c18000-7fe0f4e18000 rw-p 00000000 00:00 0 
7fe0f4e18000-7fe0f4e1b000 ---p 00000000 00:00 0 
7fe0f4e1b000-7fe0f5119000 rw-p 00000000 00:00 0 
7fe0f5119000-7fe0f511a000 ---p 00000000 00:00 0 
7fe0f511a000-7fe0f521a000 rw-p 00000000 00:00 0 
7fe0f521a000-7fe0f521d000 ---p 00000000 00:00 0 
7fe0f521d000-7fe0f531b000 rw-p 00000000 00:00 0 
7fe0f531b000-7fe0f531e000 ---p 00000000 00:00 0 
7fe0f531e000-7fe0f541c000 rw-p 00000000 00:00 0 
7fe0f541c000-7fe0f541f000 ---p 00000000 00:00 0 
7fe0f541f000-7fe0f551d000 rw-p 00000000 00:00 0 
7fe0f551d000-7fe0f5522000 r--s 000a3000 08:01 4330080                    /home/local/group/naztech/app/Java/jdk/8.0.211/jre/lib/jsse.jar
7fe0f5522000-7fe0f552b000 r--s 0002d000 08:01 1183782                    /home/minhaz.uddin/.m2/repository/xml-apis/xml-apis/1.4.01/xml-apis-1.4.01.jar
7fe0f552b000-7fe0f5530000 r--s 00048000 08:01 1183780                    /home/minhaz.uddin/.m2/repository/dom4j/dom4j/1.6.1/dom4j-1.6.1.jar
7fe0f5530000-7fe0f5532000 r--s 00005000 08:01 1183778                    /home/minhaz.uddin/.m2/repository/stax/stax-api/1.0.1/stax-api-1.0.1.jar
7fe0f5532000-7fe0f556f000 r--s 0024f000 08:01 1183776                    /home/minhaz.uddin/.m2/repository/org/apache/xmlbeans/xmlbeans/2.3.0/xmlbeans-2.3.0.jar
7fe0f556f000-7fe0f5607000 r--s 00420000 08:01 1183774                    /home/minhaz.uddin/.m2/repository/org/apache/poi/poi-ooxml-schemas/3.10-FINAL/poi-ooxml-schemas-3.10-FINAL.jar
7fe0f5607000-7fe0f5615000 r--s 000ee000 08:01 1183772                    /home/minhaz.uddin/.m2/repository/org/apache/poi/poi-ooxml/3.10-FINAL/poi-ooxml-3.10-FINAL.jar
7fe0f5615000-7fe0f561c000 r--s 0004b000 08:01 1183770                    /home/minhaz.uddin/.m2/repository/commons-codec/commons-codec/1.11/commons-codec-1.11.jar
7fe0f561c000-7fe0f563e000 r--s 001bb000 08:01 1183768                    /home/minhaz.uddin/.m2/repository/org/apache/poi/poi/3.10-FINAL/poi-3.10-FINAL.jar
7fe0f563e000-7fe0f5640000 r--s 0000a000 08:01 1183760                    /home/minhaz.uddin/.m2/repository/org/springframework/spring-aspects/5.1.5.RELEASE/spring-aspects-5.1.5.RELEASE.jar
7fe0f5640000-7fe0f5644000 r--s 0002d000 08:01 1183758                    /home/minhaz.uddin/.m2/repository/org/springframework/spring-orm/5.1.5.RELEASE/spring-orm-5.1.5.RELEASE.jar
7fe0f5644000-7fe0f565c000 r--s 00105000 08:01 1183756                    /home/minhaz.uddin/.m2/repository/org/springframework/data/spring-data-commons/2.1.5.RELEASE/spring-data-commons-2.1.5.RELEASE.jar
7fe0f565c000-7fe0f5663000 r--s 0004e000 08:01 1183754                    /home/minhaz.uddin/.m2/repository/org/springframework/data/spring-data-jpa/2.1.5.RELEASE/spring-data-jpa-2.1.5.RELEASE.jar
7fe0f5663000-7fe0f5666000 r--s 00010000 08:01 1183752                    /home/minhaz.uddin/.m2/repository/org/hibernate/common/hibernate-commons-annotations/5.0.4.Final/hibernate-commons-annotations-5.0.4.Final.jar
7fe0f5666000-7fe0f566b000 r--s 0004b000 08:01 1183750                    /home/minhaz.uddin/.m2/repository/org/dom4j/dom4j/2.1.1/dom4j-2.1.1.jar
7fe0f566b000-7fe0f566e000 r--s 0002b000 08:01 1183748                    /home/minhaz.uddin/.m2/repository/org/jboss/jandex/2.0.5.Final/jandex-2.0.5.Final.jar
7fe0f566e000-7fe0f5673000 r--s 00068000 08:01 1183746                    /home/minhaz.uddin/.m2/repository/antlr/antlr/2.7.7/antlr-2.7.7.jar
7fe0f5673000-7fe0f567e000 r--s 000b2000 08:01 1183744                    /home/minhaz.uddin/.m2/repository/org/javassist/javassist/3.23.1-GA/javassist-3.23.1-GA.jar
7fe0f567e000-7fe0f5684000 r--s 00023000 08:01 1183742                    /home/minhaz.uddin/.m2/repository/javax/persistence/javax.persistence-api/2.2/javax.persistence-api-2.2.jar
7fe0f5684000-7fe0f5707000 r--s 00624000 08:01 1183740                    /home/minhaz.uddin/.m2/repository/org/hibernate/hibernate-core/5.3.7.Final/hibernate-core-5.3.7.Final.jar
7fe0f5707000-7fe0f5709000 r--s 0000c000 08:01 1183738                    /home/minhaz.uddin/.m2/repository/javax/activation/javax.activation-api/1.2.0/javax.activation-api-1.2.0.jar
7fe0f5709000-7fe0f570d000 r--s 0001c000 08:01 1183736                    /home/minhaz.uddin/.m2/repository/javax/xml/bind/jaxb-api/2.3.1/jaxb-api-2.3.1.jar
7fe0f570d000-7fe0f570e000 r--s 00006000 08:01 1183734                    /home/minhaz.uddin/.m2/repository/javax/transaction/javax.transaction-api/1.3/javax.transaction-api-1.3.jar
7fe0f570e000-7fe0f5717000 r--s 0005a000 08:01 1183732                    /home/minhaz.uddin/.m2/repository/org/springframework/spring-jdbc/5.1.5.RELEASE/spring-jdbc-5.1.5.RELEASE.jar
7fe0f5717000-7fe0f571b000 r--s 00020000 08:01 1183730                    /home/minhaz.uddin/.m2/repository/com/zaxxer/HikariCP/3.2.0/HikariCP-3.2.0.jar
7fe0f571b000-7fe0f571c000 r--s 00000000 08:01 1183728                    /home/minhaz.uddin/.m2/repository/org/springframework/boot/spring-boot-starter-jdbc/2.1.3.RELEASE/spring-boot-starter-jdbc-2.1.3.RELEASE.jar
7fe0f571c000-7fe0f5735000 r--s 001de000 08:01 1183722                    /home/minhaz.uddin/.m2/repository/org/aspectj/aspectjweaver/1.9.2/aspectjweaver-1.9.2.jar
7fe0f5735000-7fe0f5736000 r--s 00000000 08:01 1183720                    /home/minhaz.uddin/.m2/repository/org/springframework/boot/spring-boot-starter-aop/2.1.3.RELEASE/spring-boot-starter-aop-2.1.3.RELEASE.jar
7fe0f5736000-7fe0f5741000 r--s 000d3000 08:01 1183762                    /home/minhaz.uddin/.m2/repository/com/microsoft/sqlserver/mssql-jdbc/6.4.0.jre8/mssql-jdbc-6.4.0.jre8.jar
7fe0f5741000-7fe0f5758000 r--s 00190000 08:01 1183313                    /home/minhaz.uddin/.m2/repository/org/projectlombok/lombok/1.18.8/lombok-1.18.8.jar
7fe0f5758000-7fe0f575a000 r--s 001eb000 08:01 1183270                    /home/minhaz.uddin/.m2/repository/org/xerial/snappy/snappy-java/1.1.7.1/snappy-java-1.1.7.1.jar
7fe0f575a000-7fe0f575d000 r--s 00058000 08:01 1183268                    /home/minhaz.uddin/.m2/repository/org/lz4/lz4-java/1.4.1/lz4-java-1.4.1.jar
7fe0f575d000-7fe0f577f000 r--s 001ae000 08:01 1183266                    /home/minhaz.uddin/.m2/repository/org/apache/kafka/kafka-clients/2.0.1/kafka-clients-2.0.1.jar
7fe0f577f000-7fe0f5787000 r--s 00037000 08:01 1183262                    /home/minhaz.uddin/.m2/repository/org/springframework/spring-tx/5.1.5.RELEASE/spring-tx-5.1.5.RELEASE.jar
7fe0f5787000-7fe0f578f000 r--s 00056000 08:01 1183260                    /home/minhaz.uddin/.m2/repository/org/springframework/spring-messaging/5.1.5.RELEASE/spring-messaging-5.1.5.RELEASE.jar
7fe0f578f000-7fe0f57a9000 r--s 000f3000 08:01 1182922                    /home/minhaz.uddin/.m2/repository/org/springframework/spring-context/5.1.5.RELEASE/spring-context-5.1.5.RELEASE.jar
7fe0f57a9000-7fe0f57b4000 r-xp 00000000 08:01 3674858                    /lib/x86_64-linux-gnu/libnss_files-2.27.so
7fe0f57b4000-7fe0f59b3000 ---p 0000b000 08:01 3674858                    /lib/x86_64-linux-gnu/libnss_files-2.27.so
7fe0f59b3000-7fe0f59b4000 r--p 0000a000 08:01 3674858                    /lib/x86_64-linux-gnu/libnss_files-2.27.so
7fe0f59b4000-7fe0f59b5000 rw-p 0000b000 08:01 3674858                    /lib/x86_64-linux-gnu/libnss_files-2.27.so
7fe0f59b5000-7fe0f59bb000 rw-p 00000000 00:00 0 
7fe0f59bb000-7fe0f59cc000 r-xp 00000000 08:01 4330182                    /home/local/group/naztech/app/Java/jdk/8.0.211/jre/lib/amd64/libnio.so
7fe0f59cc000-7fe0f5bcb000 ---p 00011000 08:01 4330182                    /home/local/group/naztech/app/Java/jdk/8.0.211/jre/lib/amd64/libnio.so
7fe0f5bcb000-7fe0f5bcc000 r--p 00010000 08:01 4330182                    /home/local/group/naztech/app/Java/jdk/8.0.211/jre/lib/amd64/libnio.so
7fe0f5bcc000-7fe0f5bcd000 rw-p 00011000 08:01 4330182                    /home/local/group/naztech/app/Java/jdk/8.0.211/jre/lib/amd64/libnio.so
7fe0f5bcd000-7fe0f5be3000 r-xp 00000000 08:01 4330122                    /home/local/group/naztech/app/Java/jdk/8.0.211/jre/lib/amd64/libnet.so
7fe0f5be3000-7fe0f5de2000 ---p 00016000 08:01 4330122                    /home/local/group/naztech/app/Java/jdk/8.0.211/jre/lib/amd64/libnet.so
7fe0f5de2000-7fe0f5de3000 r--p 00015000 08:01 4330122                    /home/local/group/naztech/app/Java/jdk/8.0.211/jre/lib/amd64/libnet.so
7fe0f5de3000-7fe0f5de4000 rw-p 00016000 08:01 4330122                    /home/local/group/naztech/app/Java/jdk/8.0.211/jre/lib/amd64/libnet.so
7fe0f5de4000-7fe0f5ded000 r-xp 00000000 08:01 4330123                    /home/local/group/naztech/app/Java/jdk/8.0.211/jre/lib/amd64/libmanagement.so
7fe0f5ded000-7fe0f5fec000 ---p 00009000 08:01 4330123                    /home/local/group/naztech/app/Java/jdk/8.0.211/jre/lib/amd64/libmanagement.so
7fe0f5fec000-7fe0f5fed000 r--p 00008000 08:01 4330123                    /home/local/group/naztech/app/Java/jdk/8.0.211/jre/lib/amd64/libmanagement.so
7fe0f5fed000-7fe0f5fee000 rw-p 00009000 08:01 4330123                    /home/local/group/naztech/app/Java/jdk/8.0.211/jre/lib/amd64/libmanagement.so
7fe0f5fee000-7fe0f5ff1000 ---p 00000000 00:00 0 
7fe0f5ff1000-7fe0f60ef000 rw-p 00000000 00:00 0 
7fe0f60ef000-7fe0f60f0000 ---p 00000000 00:00 0 
7fe0f60f0000-7fe0f60f3000 ---p 00000000 00:00 0 
7fe0f60f3000-7fe0f8000000 rw-p 00000000 00:00 0 
7fe0f8000000-7fe0f8021000 rw-p 00000000 00:00 0 
7fe0f8021000-7fe0fc000000 ---p 00000000 00:00 0 
7fe0fc000000-7fe0fc001000 r--s 00000000 08:01 1183718                    /home/minhaz.uddin/.m2/repository/org/springframework/boot/spring-boot-starter-data-jpa/2.1.3.RELEASE/spring-boot-starter-data-jpa-2.1.3.RELEASE.jar
7fe0fc001000-7fe0fc006000 r--s 0001b000 08:01 1183264                    /home/minhaz.uddin/.m2/repository/org/springframework/retry/spring-retry/1.2.4.RELEASE/spring-retry-1.2.4.RELEASE.jar
7fe0fc006000-7fe0fc00e000 r--s 0004c000 08:01 1183258                    /home/minhaz.uddin/.m2/repository/org/springframework/kafka/spring-kafka/2.2.7.RELEASE/spring-kafka-2.2.7.RELEASE.jar
7fe0fc00e000-7fe0fc00f000 r--s 00005000 08:01 1182940                    /home/minhaz.uddin/.m2/repository/org/springframework/spring-jcl/5.1.5.RELEASE/spring-jcl-5.1.5.RELEASE.jar
7fe0fc00f000-7fe0fc028000 r--s 00123000 08:01 1182938                    /home/minhaz.uddin/.m2/repository/org/springframework/spring-core/5.1.5.RELEASE/spring-core-5.1.5.RELEASE.jar
7fe0fc028000-7fe0fc06f000 r--s 002d9000 08:01 1182934                    /home/minhaz.uddin/.m2/repository/net/bytebuddy/byte-buddy/1.9.10/byte-buddy-1.9.10.jar
7fe0fc06f000-7fe0fc071000 r--s 00009000 08:01 1182932                    /home/minhaz.uddin/.m2/repository/org/slf4j/slf4j-api/1.7.25/slf4j-api-1.7.25.jar
7fe0fc071000-7fe0fc076000 r--s 00040000 08:01 1182924                    /home/minhaz.uddin/.m2/repository/org/springframework/spring-expression/5.1.5.RELEASE/spring-expression-5.1.5.RELEASE.jar
7fe0fc076000-7fe0fc080000 r--s 00051000 08:01 1182920                    /home/minhaz.uddin/.m2/repository/org/springframework/spring-aop/5.1.5.RELEASE/spring-aop-5.1.5.RELEASE.jar
7fe0fc080000-7fe0fc08f000 r--s 000b5000 08:01 1182918                    /home/minhaz.uddin/.m2/repository/org/springframework/spring-webmvc/5.1.5.RELEASE/spring-webmvc-5.1.5.RELEASE.jar
7fe0fc08f000-7fe0fc09c000 r--s 00098000 08:01 1182916                    /home/minhaz.uddin/.m2/repository/org/springframework/spring-beans/5.1.5.RELEASE/spring-beans-5.1.5.RELEASE.jar
7fe0fc09c000-7fe0fc0b8000 r--s 00136000 08:01 1182914                    /home/minhaz.uddin/.m2/repository/org/springframework/spring-web/5.1.5.RELEASE/spring-web-5.1.5.RELEASE.jar
7fe0fc0b8000-7fe0fc0ba000 r--s 0000f000 08:01 1181299                    /home/minhaz.uddin/.m2/repository/com/fasterxml/classmate/1.4.0/classmate-1.4.0.jar
7fe0fc0ba000-7fe0fc0bc000 r--s 0000f000 08:01 1181297                    /home/minhaz.uddin/.m2/repository/org/jboss/logging/jboss-logging/3.3.2.Final/jboss-logging-3.3.2.Final.jar
7fe0fc0bc000-7fe0fc0d9000 r--s 000fe000 08:01 1182912                    /home/minhaz.uddin/.m2/repository/org/hibernate/validator/hibernate-validator/6.0.14.Final/hibernate-validator-6.0.14.Final.jar
7fe0fc0d9000-7fe0fc0da000 ---p 00000000 00:00 0 
7fe0fc0da000-7fe0fc0dd000 ---p 00000000 00:00 0 
7fe0fc0dd000-7fe0fc1da000 rw-p 00000000 00:00 0 
7fe0fc1da000-7fe0fc1db000 ---p 00000000 00:00 0 
7fe0fc1db000-7fe0fc1de000 ---p 00000000 00:00 0 
7fe0fc1de000-7fe0fc2db000 rw-p 00000000 00:00 0 
7fe0fc2db000-7fe0fc2de000 ---p 00000000 00:00 0 
7fe0fc2de000-7fe0fc3dc000 rw-p 00000000 00:00 0 
7fe0fc3dc000-7fe0fcdfe000 r--p 00000000 08:01 3152581                    /usr/lib/locale/locale-archive
7fe0fcdfe000-7fe0fce01000 ---p 00000000 00:00 0 
7fe0fce01000-7fe0fceff000 rw-p 00000000 00:00 0 
7fe0fceff000-7fe0fcf02000 ---p 00000000 00:00 0 
7fe0fcf02000-7fe0fd000000 rw-p 00000000 00:00 0 
7fe0fd000000-7fe0fd440000 rwxp 00000000 00:00 0 
7fe0fd440000-7fe10c000000 ---p 00000000 00:00 0 
7fe10c000000-7fe10c95c000 rw-p 00000000 00:00 0 
7fe10c95c000-7fe110000000 ---p 00000000 00:00 0 
7fe110000000-7fe110005000 r--s 00012000 08:01 1181295                    /home/minhaz.uddin/.m2/repository/javax/validation/validation-api/2.0.1.Final/validation-api-2.0.1.Final.jar
7fe110005000-7fe11000a000 r--s 0003c000 08:01 1182910                    /home/minhaz.uddin/.m2/repository/org/apache/tomcat/embed/tomcat-embed-websocket/9.0.16/tomcat-embed-websocket-9.0.16.jar
7fe11000a000-7fe11000f000 r--s 00039000 08:01 1182908                    /home/minhaz.uddin/.m2/repository/org/apache/tomcat/embed/tomcat-embed-el/9.0.16/tomcat-embed-el-9.0.16.jar
7fe11000f000-7fe110039000 r--s 002f9000 08:01 1182906                    /home/minhaz.uddin/.m2/repository/org/apache/tomcat/embed/tomcat-embed-core/9.0.16/tomcat-embed-core-9.0.16.jar
7fe110039000-7fe11003a000 r--s 00000000 08:01 1182904                    /home/minhaz.uddin/.m2/repository/org/springframework/boot/spring-boot-starter-tomcat/2.1.3.RELEASE/spring-boot-starter-tomcat-2.1.3.RELEASE.jar
7fe11003a000-7fe11003c000 r--s 00001000 08:01 1182902                    /home/minhaz.uddin/.m2/repository/com/fasterxml/jackson/module/jackson-module-parameter-names/2.9.8/jackson-module-parameter-names-2.9.8.jar
7fe11003c000-7fe11003f000 r--s 00016000 08:01 1182900                    /home/minhaz.uddin/.m2/repository/com/fasterxml/jackson/datatype/jackson-datatype-jsr310/2.9.8/jackson-datatype-jsr310-2.9.8.jar
7fe11003f000-7fe110041000 r--s 00007000 08:01 1182898                    /home/minhaz.uddin/.m2/repository/com/fasterxml/jackson/datatype/jackson-datatype-jdk8/2.9.8/jackson-datatype-jdk8-2.9.8.jar
7fe110041000-7fe110045000 r--s 0004c000 08:01 1182896                    /home/minhaz.uddin/.m2/repository/com/fasterxml/jackson/core/jackson-core/2.9.8/jackson-core-2.9.8.jar
7fe110045000-7fe110057000 r--s 00137000 08:01 1182894                    /home/minhaz.uddin/.m2/repository/com/fasterxml/jackson/core/jackson-databind/2.9.8/jackson-databind-2.9.8.jar
7fe110057000-7fe11005e000 r--s 00043000 08:01 1181269                    /home/minhaz.uddin/.m2/repository/org/yaml/snakeyaml/1.23/snakeyaml-1.23.jar
7fe11005e000-7fe110069000 r--s 00069000 08:01 1181259                    /home/minhaz.uddin/.m2/repository/ch/qos/logback/logback-core/1.2.3/logback-core-1.2.3.jar
7fe110069000-7fe11008d000 r--s 00110000 08:01 1182886                    /home/minhaz.uddin/.m2/repository/org/springframework/boot/spring-boot-autoconfigure/2.1.3.RELEASE/spring-boot-autoconfigure-2.1.3.RELEASE.jar
7fe11008d000-7fe1100a2000 r--s 000d3000 08:01 1182884                    /home/minhaz.uddin/.m2/repository/org/springframework/boot/spring-boot/2.1.3.RELEASE/spring-boot-2.1.3.RELEASE.jar
7fe1100a2000-7fe1100a3000 ---p 00000000 00:00 0 
7fe1100a3000-7fe111164000 rw-p 00000000 00:00 0 
7fe111164000-7fe11133e000 r--s 03d6d000 08:01 4329871                    /home/local/group/naztech/app/Java/jdk/8.0.211/jre/lib/rt.jar
7fe11133e000-7fe111d95000 rw-p 00000000 00:00 0 
7fe111d95000-7fe111d96000 ---p 00000000 00:00 0 
7fe111d96000-7fe111e96000 rw-p 00000000 00:00 0 
7fe111e96000-7fe111e97000 ---p 00000000 00:00 0 
7fe111e97000-7fe111f97000 rw-p 00000000 00:00 0 
7fe111f97000-7fe111f98000 ---p 00000000 00:00 0 
7fe111f98000-7fe112098000 rw-p 00000000 00:00 0 
7fe112098000-7fe112099000 ---p 00000000 00:00 0 
7fe112099000-7fe1121aa000 rw-p 00000000 00:00 0 
7fe1121aa000-7fe1122da000 ---p 00000000 00:00 0 
7fe1122da000-7fe1122eb000 rw-p 00000000 00:00 0 
7fe1122eb000-7fe11241a000 ---p 00000000 00:00 0 
7fe11241a000-7fe112441000 rw-p 00000000 00:00 0 
7fe112441000-7fe1124bb000 ---p 00000000 00:00 0 
7fe1124bb000-7fe1124cd000 rw-p 00000000 00:00 0 
7fe1124cd000-7fe11287c000 ---p 00000000 00:00 0 
7fe11287c000-7fe112897000 r-xp 00000000 08:01 4330145                    /home/local/group/naztech/app/Java/jdk/8.0.211/jre/lib/amd64/libzip.so
7fe112897000-7fe112a96000 ---p 0001b000 08:01 4330145                    /home/local/group/naztech/app/Java/jdk/8.0.211/jre/lib/amd64/libzip.so
7fe112a96000-7fe112a97000 r--p 0001a000 08:01 4330145                    /home/local/group/naztech/app/Java/jdk/8.0.211/jre/lib/amd64/libzip.so
7fe112a97000-7fe112a98000 rw-p 0001b000 08:01 4330145                    /home/local/group/naztech/app/Java/jdk/8.0.211/jre/lib/amd64/libzip.so
7fe112a98000-7fe112aaf000 r-xp 00000000 08:01 3674907                    /lib/x86_64-linux-gnu/libresolv-2.27.so
7fe112aaf000-7fe112caf000 ---p 00017000 08:01 3674907                    /lib/x86_64-linux-gnu/libresolv-2.27.so
7fe112caf000-7fe112cb0000 r--p 00017000 08:01 3674907                    /lib/x86_64-linux-gnu/libresolv-2.27.so
7fe112cb0000-7fe112cb1000 rw-p 00018000 08:01 3674907                    /lib/x86_64-linux-gnu/libresolv-2.27.so
7fe112cb1000-7fe112cb3000 rw-p 00000000 00:00 0 
7fe112cb3000-7fe112cea000 r-xp 00000000 08:01 3671466                    /lib/x86_64-linux-gnu/libnss_centrifydc.so.2
7fe112cea000-7fe112eea000 ---p 00037000 08:01 3671466                    /lib/x86_64-linux-gnu/libnss_centrifydc.so.2
7fe112eea000-7fe112eec000 rw-p 00037000 08:01 3671466                    /lib/x86_64-linux-gnu/libnss_centrifydc.so.2
7fe112eec000-7fe112f18000 r-xp 00000000 08:01 4330136                    /home/local/group/naztech/app/Java/jdk/8.0.211/jre/lib/amd64/libjava.so
7fe112f18000-7fe113118000 ---p 0002c000 08:01 4330136                    /home/local/group/naztech/app/Java/jdk/8.0.211/jre/lib/amd64/libjava.so
7fe113118000-7fe113119000 r--p 0002c000 08:01 4330136                    /home/local/group/naztech/app/Java/jdk/8.0.211/jre/lib/amd64/libjava.so
7fe113119000-7fe11311b000 rw-p 0002d000 08:01 4330136                    /home/local/group/naztech/app/Java/jdk/8.0.211/jre/lib/amd64/libjava.so
7fe11311b000-7fe113128000 r-xp 00000000 08:01 4330127                    /home/local/group/naztech/app/Java/jdk/8.0.211/jre/lib/amd64/libverify.so
7fe113128000-7fe113327000 ---p 0000d000 08:01 4330127                    /home/local/group/naztech/app/Java/jdk/8.0.211/jre/lib/amd64/libverify.so
7fe113327000-7fe113329000 r--p 0000c000 08:01 4330127                    /home/local/group/naztech/app/Java/jdk/8.0.211/jre/lib/amd64/libverify.so
7fe113329000-7fe11332a000 rw-p 0000e000 08:01 4330127                    /home/local/group/naztech/app/Java/jdk/8.0.211/jre/lib/amd64/libverify.so
7fe11332a000-7fe113331000 r-xp 00000000 08:01 3674909                    /lib/x86_64-linux-gnu/librt-2.27.so
7fe113331000-7fe113530000 ---p 00007000 08:01 3674909                    /lib/x86_64-linux-gnu/librt-2.27.so
7fe113530000-7fe113531000 r--p 00006000 08:01 3674909                    /lib/x86_64-linux-gnu/librt-2.27.so
7fe113531000-7fe113532000 rw-p 00007000 08:01 3674909                    /lib/x86_64-linux-gnu/librt-2.27.so
7fe113532000-7fe1136cf000 r-xp 00000000 08:01 3674831                    /lib/x86_64-linux-gnu/libm-2.27.so
7fe1136cf000-7fe1138ce000 ---p 0019d000 08:01 3674831                    /lib/x86_64-linux-gnu/libm-2.27.so
7fe1138ce000-7fe1138cf000 r--p 0019c000 08:01 3674831                    /lib/x86_64-linux-gnu/libm-2.27.so
7fe1138cf000-7fe1138d0000 rw-p 0019d000 08:01 3674831                    /lib/x86_64-linux-gnu/libm-2.27.so
7fe1138d0000-7fe1145b8000 r-xp 00000000 08:01 4330143                    /home/local/group/naztech/app/Java/jdk/8.0.211/jre/lib/amd64/server/libjvm.so
7fe1145b8000-7fe1147b7000 ---p 00ce8000 08:01 4330143                    /home/local/group/naztech/app/Java/jdk/8.0.211/jre/lib/amd64/server/libjvm.so
7fe1147b7000-7fe11484d000 r--p 00ce7000 08:01 4330143                    /home/local/group/naztech/app/Java/jdk/8.0.211/jre/lib/amd64/server/libjvm.so
7fe11484d000-7fe11487e000 rw-p 00d7d000 08:01 4330143                    /home/local/group/naztech/app/Java/jdk/8.0.211/jre/lib/amd64/server/libjvm.so
7fe11487e000-7fe1148b9000 rw-p 00000000 00:00 0 
7fe1148b9000-7fe114aa0000 r-xp 00000000 08:01 3674768                    /lib/x86_64-linux-gnu/libc-2.27.so
7fe114aa0000-7fe114ca0000 ---p 001e7000 08:01 3674768                    /lib/x86_64-linux-gnu/libc-2.27.so
7fe114ca0000-7fe114ca4000 r--p 001e7000 08:01 3674768                    /lib/x86_64-linux-gnu/libc-2.27.so
7fe114ca4000-7fe114ca6000 rw-p 001eb000 08:01 3674768                    /lib/x86_64-linux-gnu/libc-2.27.so
7fe114ca6000-7fe114caa000 rw-p 00000000 00:00 0 
7fe114caa000-7fe114cad000 r-xp 00000000 08:01 3674791                    /lib/x86_64-linux-gnu/libdl-2.27.so
7fe114cad000-7fe114eac000 ---p 00003000 08:01 3674791                    /lib/x86_64-linux-gnu/libdl-2.27.so
7fe114eac000-7fe114ead000 r--p 00002000 08:01 3674791                    /lib/x86_64-linux-gnu/libdl-2.27.so
7fe114ead000-7fe114eae000 rw-p 00003000 08:01 3674791                    /lib/x86_64-linux-gnu/libdl-2.27.so
7fe114eae000-7fe114ec5000 r-xp 00000000 08:01 4198598                    /home/local/group/naztech/app/Java/jdk/8.0.211/lib/amd64/jli/libjli.so
7fe114ec5000-7fe1150c4000 ---p 00017000 08:01 4198598                    /home/local/group/naztech/app/Java/jdk/8.0.211/lib/amd64/jli/libjli.so
7fe1150c4000-7fe1150c5000 r--p 00016000 08:01 4198598                    /home/local/group/naztech/app/Java/jdk/8.0.211/lib/amd64/jli/libjli.so
7fe1150c5000-7fe1150c6000 rw-p 00017000 08:01 4198598                    /home/local/group/naztech/app/Java/jdk/8.0.211/lib/amd64/jli/libjli.so
7fe1150c6000-7fe1150e0000 r-xp 00000000 08:01 3674901                    /lib/x86_64-linux-gnu/libpthread-2.27.so
7fe1150e0000-7fe1152df000 ---p 0001a000 08:01 3674901                    /lib/x86_64-linux-gnu/libpthread-2.27.so
7fe1152df000-7fe1152e0000 r--p 00019000 08:01 3674901                    /lib/x86_64-linux-gnu/libpthread-2.27.so
7fe1152e0000-7fe1152e1000 rw-p 0001a000 08:01 3674901                    /lib/x86_64-linux-gnu/libpthread-2.27.so
7fe1152e1000-7fe1152e5000 rw-p 00000000 00:00 0 
7fe1152e5000-7fe11530c000 r-xp 00000000 08:01 3674740                    /lib/x86_64-linux-gnu/ld-2.27.so
7fe11530c000-7fe11530f000 r--s 0000e000 08:01 1181275                    /home/minhaz.uddin/.m2/repository/com/fasterxml/jackson/core/jackson-annotations/2.9.0/jackson-annotations-2.9.0.jar
7fe11530f000-7fe115315000 r--s 0003c000 08:01 1181263                    /home/minhaz.uddin/.m2/repository/org/apache/logging/log4j/log4j-api/2.11.2/log4j-api-2.11.2.jar
7fe115315000-7fe1153ed000 rw-p 00000000 00:00 0 
7fe1153ed000-7fe1153ee000 ---p 00000000 00:00 0 
7fe1153ee000-7fe1153f1000 ---p 00000000 00:00 0 
7fe1153f1000-7fe1154f0000 rw-p 00000000 00:00 0 
7fe1154f0000-7fe1154f1000 r--s 00000000 08:01 1182892                    /home/minhaz.uddin/.m2/repository/org/springframework/boot/spring-boot-starter-json/2.1.3.RELEASE/spring-boot-starter-json-2.1.3.RELEASE.jar
7fe1154f1000-7fe1154f3000 r--s 00005000 08:01 1181267                    /home/minhaz.uddin/.m2/repository/javax/annotation/javax.annotation-api/1.3.2/javax.annotation-api-1.3.2.jar
7fe1154f3000-7fe1154f5000 r--s 00000000 08:01 1182890                    /home/minhaz.uddin/.m2/repository/org/slf4j/jul-to-slf4j/1.7.25/jul-to-slf4j-1.7.25.jar
7fe1154f5000-7fe1154f7000 r--s 00003000 08:01 1181261                    /home/minhaz.uddin/.m2/repository/org/apache/logging/log4j/log4j-to-slf4j/2.11.2/log4j-to-slf4j-2.11.2.jar
7fe1154f7000-7fe1154fd000 r--s 00041000 08:01 1181257                    /home/minhaz.uddin/.m2/repository/ch/qos/logback/logback-classic/1.2.3/logback-classic-1.2.3.jar
7fe1154fd000-7fe1154fe000 r--s 00000000 08:01 1182888                    /home/minhaz.uddin/.m2/repository/org/springframework/boot/spring-boot-starter-logging/2.1.3.RELEASE/spring-boot-starter-logging-2.1.3.RELEASE.jar
7fe1154fe000-7fe1154ff000 r--s 00000000 08:01 1182882                    /home/minhaz.uddin/.m2/repository/org/springframework/boot/spring-boot-starter/2.1.3.RELEASE/spring-boot-starter-2.1.3.RELEASE.jar
7fe1154ff000-7fe115500000 r--s 00000000 08:01 1182880                    /home/minhaz.uddin/.m2/repository/org/springframework/boot/spring-boot-starter-web/2.1.3.RELEASE/spring-boot-starter-web-2.1.3.RELEASE.jar
7fe115500000-7fe115508000 rw-s 00000000 08:01 793735                     /tmp/hsperfdata_minhaz.uddin/13300
7fe115508000-7fe115509000 rw-p 00000000 00:00 0 
7fe115509000-7fe11550a000 ---p 00000000 00:00 0 
7fe11550a000-7fe11550c000 rw-p 00000000 00:00 0 
7fe11550c000-7fe11550d000 r--p 00027000 08:01 3674740                    /lib/x86_64-linux-gnu/ld-2.27.so
7fe11550d000-7fe11550e000 rw-p 00028000 08:01 3674740                    /lib/x86_64-linux-gnu/ld-2.27.so
7fe11550e000-7fe11550f000 rw-p 00000000 00:00 0 
7ffe6ab05000-7ffe6ab28000 rw-p 00000000 00:00 0                          [stack]
7ffe6ab94000-7ffe6ab97000 r--p 00000000 00:00 0                          [vvar]
7ffe6ab97000-7ffe6ab99000 r-xp 00000000 00:00 0                          [vdso]
ffffffffff600000-ffffffffff601000 r-xp 00000000 00:00 0                  [vsyscall]

VM Arguments:
jvm_args: -Dcom.sun.management.jmxremote -Dcom.sun.management.jmxremote.port=35407 -Dcom.sun.management.jmxremote.authenticate=false -Dcom.sun.management.jmxremote.ssl=false -Djava.rmi.server.hostname=localhost -Dspring.liveBeansView.mbeanDomain -Dspring.application.admin.enabled=true -Djava.security.egd=file:/dev/./urandom -Xverify:none -XX:TieredStopAtLevel=1 -Dfile.encoding=UTF-8 
java_command: com.kafka.TryKafkaConsumerApplication --spring.output.ansi.enabled=always
java_class_path (initial): /home/minhaz.uddin/Documents/workspace-sts-3.9.0.RELEASE/TryKafkaConsumer/target/classes:/home/minhaz.uddin/.m2/repository/org/springframework/boot/spring-boot-starter-web/2.1.3.RELEASE/spring-boot-starter-web-2.1.3.RELEASE.jar:/home/minhaz.uddin/.m2/repository/org/springframework/boot/spring-boot-starter/2.1.3.RELEASE/spring-boot-starter-2.1.3.RELEASE.jar:/home/minhaz.uddin/.m2/repository/org/springframework/boot/spring-boot/2.1.3.RELEASE/spring-boot-2.1.3.RELEASE.jar:/home/minhaz.uddin/.m2/repository/org/springframework/boot/spring-boot-autoconfigure/2.1.3.RELEASE/spring-boot-autoconfigure-2.1.3.RELEASE.jar:/home/minhaz.uddin/.m2/repository/org/springframework/boot/spring-boot-starter-logging/2.1.3.RELEASE/spring-boot-starter-logging-2.1.3.RELEASE.jar:/home/minhaz.uddin/.m2/repository/ch/qos/logback/logback-classic/1.2.3/logback-classic-1.2.3.jar:/home/minhaz.uddin/.m2/repository/ch/qos/logback/logback-core/1.2.3/logback-core-1.2.3.jar:/home/minhaz.uddin/.m2/repository/org/apache/logging/log4j/log4j-to-slf4j/2.11.2/log4j-to-slf4j-2.11.2.jar:/home/minhaz.uddin/.m2/repository/org/apache/logging/log4j/log4j-api/2.11.2/log4j-api-2.11.2.jar:/home/minhaz.uddin/.m2/repository/org/slf4j/jul-to-slf4j/1.7.25/jul-to-slf4j-1.7.25.jar:/home/minhaz.uddin/.m2/repository/javax/annotation/javax.annotation-api/1.3.2/javax.annotation-api-1.3.2.jar:/home/minhaz.uddin/.m2/repository/org/yaml/snakeyaml/1.23/snakeyaml-1.23.jar:/home/minhaz.uddin/.m2/repository/org/springframework/boot/spring-boot-starter-json/2.1.3.RELEASE/spring-boot-starter-json-2.1.3.RELEASE.jar:/home/minhaz.uddin/.m2/repository/com/fasterxml/jackson/core/jackson-databind/2.9.8/jackson-databind-2.9.8.jar:/home/minhaz.uddin/.m2/repository/com/fasterxml/jackson/core/jackson-annotations/2.9.0/jackson-annotations-2.9.0.jar:/home/minhaz.uddin/.m2/repository/com/fasterxml/jackson/core/jackson-core/2.9.8/jackson-core-2.9.8.jar:/home/minhaz.uddin/.m2/repository/com/fasterxml/jackson/datatype/jack
Launcher Type: SUN_STANDARD

Environment Variables:
JAVA_HOME=/home/local/group/naztech/app/Java/jdk/8.0.211
PATH=/usr/local/sbin:/usr/local/bin:/usr/sbin:/usr/bin:/sbin:/bin:/usr/games:/usr/local/games:/home/local/group/naztech/app/Java/jdk/8.0.211/bin:/snap/bin
USERNAME=minhaz.uddin
SHELL=/bin/bash
DISPLAY=:0

Signal Handlers:
SIGSEGV: [libjvm.so+0xad3d90], sa_mask[0]=11111111011111111101111111111110, sa_flags=SA_RESTART|SA_SIGINFO
SIGBUS: [libjvm.so+0xad3d90], sa_mask[0]=11111111011111111101111111111110, sa_flags=SA_RESTART|SA_SIGINFO
SIGFPE: [libjvm.so+0x90b8b0], sa_mask[0]=11111111011111111101111111111110, sa_flags=SA_RESTART|SA_SIGINFO
SIGPIPE: [libjvm.so+0x90b8b0], sa_mask[0]=11111111011111111101111111111110, sa_flags=SA_RESTART|SA_SIGINFO
SIGXFSZ: [libjvm.so+0x90b8b0], sa_mask[0]=11111111011111111101111111111110, sa_flags=SA_RESTART|SA_SIGINFO
SIGILL: [libjvm.so+0x90b8b0], sa_mask[0]=11111111011111111101111111111110, sa_flags=SA_RESTART|SA_SIGINFO
SIGUSR1: SIG_DFL, sa_mask[0]=00000000000000000000000000000000, sa_flags=none
SIGUSR2: [libjvm.so+0x90b780], sa_mask[0]=00100000000000000000000000000000, sa_flags=SA_RESTART|SA_SIGINFO
SIGHUP: [libjvm.so+0x90bda0], sa_mask[0]=11111111011111111101111111111110, sa_flags=SA_RESTART|SA_SIGINFO
SIGINT: [libjvm.so+0x90bda0], sa_mask[0]=11111111011111111101111111111110, sa_flags=SA_RESTART|SA_SIGINFO
SIGTERM: [libjvm.so+0x90bda0], sa_mask[0]=11111111011111111101111111111110, sa_flags=SA_RESTART|SA_SIGINFO
SIGQUIT: [libjvm.so+0x90bda0], sa_mask[0]=11111111011111111101111111111110, sa_flags=SA_RESTART|SA_SIGINFO


---------------  S Y S T E M  ---------------

OS:DISTRIB_ID=Ubuntu
DISTRIB_RELEASE=18.04
DISTRIB_CODENAME=bionic
DISTRIB_DESCRIPTION="Ubuntu 18.04.2 LTS"

uname:Linux 4.15.0-54-generic #58-Ubuntu SMP Mon Jun 24 10:55:24 UTC 2019 x86_64
libc:glibc 2.27 NPTL 2.27 
rlimit: STACK 8192k, CORE 0k, NPROC 15201, NOFILE 1048576, AS infinity
load average:1.62 1.21 1.08

/proc/meminfo:
MemTotal:        3935812 kB
MemFree:           84296 kB
MemAvailable:          0 kB
Buffers:             400 kB
Cached:           187140 kB
SwapCached:         7016 kB
Active:          2993636 kB
Inactive:         604724 kB
Active(anon):    2988316 kB
Inactive(anon):   597552 kB
Active(file):       5320 kB
Inactive(file):     7172 kB
Unevictable:          80 kB
Mlocked:              80 kB
SwapTotal:       2097148 kB
SwapFree:              0 kB
Dirty:               112 kB
Writeback:             0 kB
AnonPages:       3405740 kB
Mapped:            94220 kB
Shmem:            175080 kB
Slab:             103656 kB
SReclaimable:      39792 kB
SUnreclaim:        63864 kB
KernelStack:       20880 kB
PageTables:        75612 kB
NFS_Unstable:          0 kB
Bounce:                0 kB
WritebackTmp:          0 kB
CommitLimit:     4065052 kB
Committed_AS:   13492824 kB
VmallocTotal:   34359738367 kB
VmallocUsed:           0 kB
VmallocChunk:          0 kB
HardwareCorrupted:     0 kB
AnonHugePages:         0 kB
ShmemHugePages:        0 kB
ShmemPmdMapped:        0 kB
CmaTotal:              0 kB
CmaFree:               0 kB
HugePages_Total:       0
HugePages_Free:        0
HugePages_Rsvd:        0
HugePages_Surp:        0
Hugepagesize:       2048 kB
DirectMap4k:      225804 kB
DirectMap2M:     3864576 kB
DirectMap1G:           0 kB

container (cgroup) information:
container_type: cgroupv1
cpu_cpuset_cpus: 0-3
cpu_memory_nodes: 0
active_processor_count: 4
cpu_quota: -1
cpu_period: 100000
cpu_shares: -1
memory_limit_in_bytes: -1
memory_and_swap_limit_in_bytes: -2
memory_soft_limit_in_bytes: -1
memory_usage_in_bytes: 3681009664
memory_max_usage_in_bytes: 0


CPU:total 4 (initial active 4) (2 cores per cpu, 2 threads per core) family 6 model 61 stepping 4, cmov, cx8, fxsr, mmx, sse, sse2, sse3, ssse3, sse4.1, sse4.2, popcnt, avx, avx2, aes, clmul, erms, 3dnowpref, lzcnt, ht, tsc, tscinvbit, bmi1, bmi2, adx

/proc/cpuinfo:
processor	: 0
vendor_id	: GenuineIntel
cpu family	: 6
model		: 61
model name	: Intel(R) Core(TM) i3-5005U CPU @ 2.00GHz
stepping	: 4
microcode	: 0x2d
cpu MHz		: 1895.615
cache size	: 3072 KB
physical id	: 0
siblings	: 4
core id		: 0
cpu cores	: 2
apicid		: 0
initial apicid	: 0
fpu		: yes
fpu_exception	: yes
cpuid level	: 20
wp		: yes
flags		: fpu vme de pse tsc msr pae mce cx8 apic sep mtrr pge mca cmov pat pse36 clflush dts acpi mmx fxsr sse sse2 ss ht tm pbe syscall nx pdpe1gb rdtscp lm constant_tsc arch_perfmon pebs bts rep_good nopl xtopology nonstop_tsc cpuid aperfmperf pni pclmulqdq dtes64 monitor ds_cpl vmx est tm2 ssse3 sdbg fma cx16 xtpr pdcm pcid sse4_1 sse4_2 x2apic movbe popcnt tsc_deadline_timer aes xsave avx f16c rdrand lahf_lm abm 3dnowprefetch cpuid_fault epb invpcid_single pti ssbd ibrs ibpb stibp tpr_shadow vnmi flexpriority ept vpid fsgsbase tsc_adjust bmi1 avx2 smep bmi2 erms invpcid rdseed adx smap intel_pt xsaveopt dtherm arat pln pts md_clear flush_l1d
bugs		: cpu_meltdown spectre_v1 spectre_v2 spec_store_bypass l1tf mds
bogomips	: 3990.76
clflush size	: 64
cache_alignment	: 64
address sizes	: 39 bits physical, 48 bits virtual
power management:

processor	: 1
vendor_id	: GenuineIntel
cpu family	: 6
model		: 61
model name	: Intel(R) Core(TM) i3-5005U CPU @ 2.00GHz
stepping	: 4
microcode	: 0x2d
cpu MHz		: 1895.621
cache size	: 3072 KB
physical id	: 0
siblings	: 4
core id		: 1
cpu cores	: 2
apicid		: 2
initial apicid	: 2
fpu		: yes
fpu_exception	: yes
cpuid level	: 20
wp		: yes
flags		: fpu vme de pse tsc msr pae mce cx8 apic sep mtrr pge mca cmov pat pse36 clflush dts acpi mmx fxsr sse sse2 ss ht tm pbe syscall nx pdpe1gb rdtscp lm constant_tsc arch_perfmon pebs bts rep_good nopl xtopology nonstop_tsc cpuid aperfmperf pni pclmulqdq dtes64 monitor ds_cpl vmx est tm2 ssse3 sdbg fma cx16 xtpr pdcm pcid sse4_1 sse4_2 x2apic movbe popcnt tsc_deadline_timer aes xsave avx f16c rdrand lahf_lm abm 3dnowprefetch cpuid_fault epb invpcid_single pti ssbd ibrs ibpb stibp tpr_shadow vnmi flexpriority ept vpid fsgsbase tsc_adjust bmi1 avx2 smep bmi2 erms invpcid rdseed adx smap intel_pt xsaveopt dtherm arat pln pts md_clear flush_l1d
bugs		: cpu_meltdown spectre_v1 spectre_v2 spec_store_bypass l1tf mds
bogomips	: 3990.76
clflush size	: 64
cache_alignment	: 64
address sizes	: 39 bits physical, 48 bits virtual
power management:

processor	: 2
vendor_id	: GenuineIntel
cpu family	: 6
model		: 61
model name	: Intel(R) Core(TM) i3-5005U CPU @ 2.00GHz
stepping	: 4
microcode	: 0x2d
cpu MHz		: 1895.614
cache size	: 3072 KB
physical id	: 0
siblings	: 4
core id		: 0
cpu cores	: 2
apicid		: 1
initial apicid	: 1
fpu		: yes
fpu_exception	: yes
cpuid level	: 20
wp		: yes
flags		: fpu vme de pse tsc msr pae mce cx8 apic sep mtrr pge mca cmov pat pse36 clflush dts acpi mmx fxsr sse sse2 ss ht tm pbe syscall nx pdpe1gb rdtscp lm constant_tsc arch_perfmon pebs bts rep_good nopl xtopology nonstop_tsc cpuid aperfmperf pni pclmulqdq dtes64 monitor ds_cpl vmx est tm2 ssse3 sdbg fma cx16 xtpr pdcm pcid sse4_1 sse4_2 x2apic movbe popcnt tsc_deadline_timer aes xsave avx f16c rdrand lahf_lm abm 3dnowprefetch cpuid_fault epb invpcid_single pti ssbd ibrs ibpb stibp tpr_shadow vnmi flexpriority ept vpid fsgsbase tsc_adjust bmi1 avx2 smep bmi2 erms invpcid rdseed adx smap intel_pt xsaveopt dtherm arat pln pts md_clear flush_l1d
bugs		: cpu_meltdown spectre_v1 spectre_v2 spec_store_bypass l1tf mds
bogomips	: 3990.76
clflush size	: 64
cache_alignment	: 64
address sizes	: 39 bits physical, 48 bits virtual
power management:

processor	: 3
vendor_id	: GenuineIntel
cpu family	: 6
model		: 61
model name	: Intel(R) Core(TM) i3-5005U CPU @ 2.00GHz
stepping	: 4
microcode	: 0x2d
cpu MHz		: 1895.616
cache size	: 3072 KB
physical id	: 0
siblings	: 4
core id		: 1
cpu cores	: 2
apicid		: 3
initial apicid	: 3
fpu		: yes
fpu_exception	: yes
cpuid level	: 20
wp		: yes
flags		: fpu vme de pse tsc msr pae mce cx8 apic sep mtrr pge mca cmov pat pse36 clflush dts acpi mmx fxsr sse sse2 ss ht tm pbe syscall nx pdpe1gb rdtscp lm constant_tsc arch_perfmon pebs bts rep_good nopl xtopology nonstop_tsc cpuid aperfmperf pni pclmulqdq dtes64 monitor ds_cpl vmx est tm2 ssse3 sdbg fma cx16 xtpr pdcm pcid sse4_1 sse4_2 x2apic movbe popcnt tsc_deadline_timer aes xsave avx f16c rdrand lahf_lm abm 3dnowprefetch cpuid_fault epb invpcid_single pti ssbd ibrs ibpb stibp tpr_shadow vnmi flexpriority ept vpid fsgsbase tsc_adjust bmi1 avx2 smep bmi2 erms invpcid rdseed adx smap intel_pt xsaveopt dtherm arat pln pts md_clear flush_l1d
bugs		: cpu_meltdown spectre_v1 spectre_v2 spec_store_bypass l1tf mds
bogomips	: 3990.76
clflush size	: 64
cache_alignment	: 64
address sizes	: 39 bits physical, 48 bits virtual
power management:



Memory: 4k page, physical 3935812k(84512k free), swap 2097148k(0k free)

vm_info: Java HotSpot(TM) 64-Bit Server VM (25.211-b12) for linux-amd64 JRE (1.8.0_211-b12), built on Apr  1 2019 20:39:34 by "java_re" with gcc 7.3.0

time: Tue Jul 16 15:39:04 2019
timezone: +06
elapsed time: 2 seconds (0d 0h 0m 2s)

